2025/03/06 20:28:26 [notice] 1#1: using the "epoll" event method
2025/03/06 20:28:26 [notice] 1#1: nginx/1.27.4
2025/03/06 20:28:26 [notice] 1#1: built by gcc 14.2.0 (Alpine 14.2.0) 
2025/03/06 20:28:26 [notice] 1#1: OS: Linux 6.11.0-19-generic
2025/03/06 20:28:26 [notice] 1#1: getrlimit(RLIMIT_NOFILE): 1024:524288
2025/03/06 20:28:26 [notice] 1#1: start worker processes
2025/03/06 20:28:26 [notice] 1#1: start worker process 29
2025/03/06 20:28:26 [notice] 1#1: start worker process 30
2025/03/06 20:28:26 [notice] 1#1: start worker process 31
2025/03/06 20:28:26 [notice] 1#1: start worker process 32
2025/03/06 20:30:18 [notice] 1#1: signal 3 (SIGQUIT) received, shutting down
2025/03/06 20:30:18 [notice] 32#32: gracefully shutting down
2025/03/06 20:30:18 [notice] 32#32: exiting
2025/03/06 20:30:18 [notice] 31#31: gracefully shutting down
2025/03/06 20:30:18 [notice] 31#31: exiting
2025/03/06 20:30:18 [notice] 29#29: gracefully shutting down
2025/03/06 20:30:18 [notice] 29#29: exiting
2025/03/06 20:30:18 [notice] 32#32: exit
2025/03/06 20:30:18 [notice] 30#30: gracefully shutting down
2025/03/06 20:30:18 [notice] 30#30: exiting
2025/03/06 20:30:18 [notice] 31#31: exit
2025/03/06 20:30:18 [notice] 29#29: exit
2025/03/06 20:30:18 [notice] 30#30: exit
2025/03/06 20:30:18 [notice] 1#1: signal 17 (SIGCHLD) received from 30
2025/03/06 20:30:18 [notice] 1#1: worker process 30 exited with code 0
2025/03/06 20:30:18 [notice] 1#1: worker process 32 exited with code 0
2025/03/06 20:30:18 [notice] 1#1: signal 29 (SIGIO) received
2025/03/06 20:30:18 [notice] 1#1: signal 17 (SIGCHLD) received from 31
2025/03/06 20:30:18 [notice] 1#1: worker process 31 exited with code 0
2025/03/06 20:30:18 [notice] 1#1: signal 29 (SIGIO) received
2025/03/06 20:30:18 [notice] 1#1: signal 17 (SIGCHLD) received from 29
2025/03/06 20:30:18 [notice] 1#1: worker process 29 exited with code 0
2025/03/06 20:30:18 [notice] 1#1: exit
2025/03/06 20:31:11 [notice] 1#1: using the "epoll" event method
2025/03/06 20:31:11 [notice] 1#1: nginx/1.27.4
2025/03/06 20:31:11 [notice] 1#1: built by gcc 14.2.0 (Alpine 14.2.0) 
2025/03/06 20:31:11 [notice] 1#1: OS: Linux 6.11.0-19-generic
2025/03/06 20:31:11 [notice] 1#1: getrlimit(RLIMIT_NOFILE): 1024:524288
2025/03/06 20:31:11 [notice] 1#1: start worker processes
2025/03/06 20:31:11 [notice] 1#1: start worker process 28
2025/03/06 20:31:11 [notice] 1#1: start worker process 29
2025/03/06 20:31:11 [notice] 1#1: start worker process 30
2025/03/06 20:31:11 [notice] 1#1: start worker process 31
2025/03/06 20:48:20 [notice] 1#1: signal 3 (SIGQUIT) received, shutting down
2025/03/06 20:48:20 [notice] 28#28: gracefully shutting down
2025/03/06 20:48:20 [notice] 28#28: exiting
2025/03/06 20:48:20 [notice] 28#28: exit
2025/03/06 20:48:20 [notice] 29#29: gracefully shutting down
2025/03/06 20:48:20 [notice] 29#29: exiting
2025/03/06 20:48:20 [notice] 29#29: exit
2025/03/06 20:48:20 [notice] 30#30: gracefully shutting down
2025/03/06 20:48:20 [notice] 30#30: exiting
2025/03/06 20:48:20 [notice] 30#30: exit
2025/03/06 20:48:20 [notice] 31#31: gracefully shutting down
2025/03/06 20:48:20 [notice] 31#31: exiting
2025/03/06 20:48:20 [notice] 31#31: exit
2025/03/06 20:48:20 [notice] 1#1: signal 17 (SIGCHLD) received from 30
2025/03/06 20:48:20 [notice] 1#1: worker process 29 exited with code 0
2025/03/06 20:48:20 [notice] 1#1: worker process 28 exited with code 0
2025/03/06 20:48:20 [notice] 1#1: worker process 30 exited with code 0
2025/03/06 20:48:20 [notice] 1#1: signal 29 (SIGIO) received
2025/03/06 20:48:20 [notice] 1#1: signal 17 (SIGCHLD) received from 29
2025/03/06 20:48:20 [notice] 1#1: signal 17 (SIGCHLD) received from 31
2025/03/06 20:48:20 [notice] 1#1: worker process 31 exited with code 0
2025/03/06 20:48:20 [notice] 1#1: exit
2025/03/06 20:48:52 [notice] 1#1: using the "epoll" event method
2025/03/06 20:48:52 [notice] 1#1: nginx/1.27.4
2025/03/06 20:48:52 [notice] 1#1: built by gcc 14.2.0 (Alpine 14.2.0) 
2025/03/06 20:48:52 [notice] 1#1: OS: Linux 6.11.0-19-generic
2025/03/06 20:48:52 [notice] 1#1: getrlimit(RLIMIT_NOFILE): 1024:524288
2025/03/06 20:48:52 [notice] 1#1: start worker processes
2025/03/06 20:48:52 [notice] 1#1: start worker process 29
2025/03/06 20:48:52 [notice] 1#1: start worker process 30
2025/03/06 20:48:52 [notice] 1#1: start worker process 31
2025/03/06 20:48:52 [notice] 1#1: start worker process 32
2025/03/06 20:50:59 [notice] 1#1: signal 3 (SIGQUIT) received, shutting down
2025/03/06 20:50:59 [notice] 29#29: gracefully shutting down
2025/03/06 20:50:59 [notice] 29#29: exiting
2025/03/06 20:50:59 [notice] 29#29: exit
2025/03/06 20:50:59 [notice] 31#31: gracefully shutting down
2025/03/06 20:50:59 [notice] 31#31: exiting
2025/03/06 20:50:59 [notice] 30#30: gracefully shutting down
2025/03/06 20:50:59 [notice] 30#30: exiting
2025/03/06 20:50:59 [notice] 30#30: exit
2025/03/06 20:50:59 [notice] 32#32: gracefully shutting down
2025/03/06 20:50:59 [notice] 32#32: exiting
2025/03/06 20:50:59 [notice] 32#32: exit
2025/03/06 20:50:59 [notice] 31#31: exit
2025/03/06 20:50:59 [notice] 1#1: signal 17 (SIGCHLD) received from 32
2025/03/06 20:50:59 [notice] 1#1: worker process 32 exited with code 0
2025/03/06 20:50:59 [notice] 1#1: signal 29 (SIGIO) received
2025/03/06 20:50:59 [notice] 1#1: signal 17 (SIGCHLD) received from 29
2025/03/06 20:50:59 [notice] 1#1: worker process 29 exited with code 0
2025/03/06 20:50:59 [notice] 1#1: worker process 30 exited with code 0
2025/03/06 20:50:59 [notice] 1#1: worker process 31 exited with code 0
2025/03/06 20:50:59 [notice] 1#1: exit
2025/03/06 20:52:49 [notice] 1#1: using the "epoll" event method
2025/03/06 20:52:49 [notice] 1#1: nginx/1.27.4
2025/03/06 20:52:49 [notice] 1#1: built by gcc 14.2.0 (Alpine 14.2.0) 
2025/03/06 20:52:49 [notice] 1#1: OS: Linux 6.11.0-19-generic
2025/03/06 20:52:49 [notice] 1#1: getrlimit(RLIMIT_NOFILE): 1024:524288
2025/03/06 20:52:49 [notice] 1#1: start worker processes
2025/03/06 20:52:49 [notice] 1#1: start worker process 29
2025/03/06 20:52:49 [notice] 1#1: start worker process 30
2025/03/06 20:52:49 [notice] 1#1: start worker process 31
2025/03/06 20:52:49 [notice] 1#1: start worker process 32
2025/03/06 20:58:14 [notice] 1#1: signal 3 (SIGQUIT) received, shutting down
2025/03/06 20:58:14 [notice] 29#29: gracefully shutting down
2025/03/06 20:58:14 [notice] 29#29: exiting
2025/03/06 20:58:14 [notice] 29#29: exit
2025/03/06 20:58:14 [notice] 30#30: gracefully shutting down
2025/03/06 20:58:14 [notice] 31#31: gracefully shutting down
2025/03/06 20:58:14 [notice] 31#31: exiting
2025/03/06 20:58:14 [notice] 30#30: exiting
2025/03/06 20:58:14 [notice] 31#31: exit
2025/03/06 20:58:14 [notice] 30#30: exit
2025/03/06 20:58:14 [notice] 32#32: gracefully shutting down
2025/03/06 20:58:14 [notice] 32#32: exiting
2025/03/06 20:58:14 [notice] 32#32: exit
2025/03/06 20:58:14 [notice] 1#1: signal 17 (SIGCHLD) received from 29
2025/03/06 20:58:14 [notice] 1#1: worker process 29 exited with code 0
2025/03/06 20:58:14 [notice] 1#1: signal 29 (SIGIO) received
2025/03/06 20:58:14 [notice] 1#1: signal 17 (SIGCHLD) received from 30
2025/03/06 20:58:14 [notice] 1#1: worker process 30 exited with code 0
2025/03/06 20:58:14 [notice] 1#1: signal 29 (SIGIO) received
2025/03/06 20:58:14 [notice] 1#1: signal 17 (SIGCHLD) received from 32
2025/03/06 20:58:14 [notice] 1#1: worker process 31 exited with code 0
2025/03/06 20:58:14 [notice] 1#1: worker process 32 exited with code 0
2025/03/06 20:58:14 [notice] 1#1: exit
2025/03/06 20:58:18 [notice] 1#1: using the "epoll" event method
2025/03/06 20:58:18 [notice] 1#1: nginx/1.27.4
2025/03/06 20:58:18 [notice] 1#1: built by gcc 14.2.0 (Alpine 14.2.0) 
2025/03/06 20:58:18 [notice] 1#1: OS: Linux 6.11.0-19-generic
2025/03/06 20:58:18 [notice] 1#1: getrlimit(RLIMIT_NOFILE): 1024:524288
2025/03/06 20:58:18 [notice] 1#1: start worker processes
2025/03/06 20:58:18 [notice] 1#1: start worker process 29
2025/03/06 20:58:18 [notice] 1#1: start worker process 30
2025/03/06 20:58:18 [notice] 1#1: start worker process 31
2025/03/06 20:58:18 [notice] 1#1: start worker process 32
2025/03/06 21:00:37 [notice] 1#1: signal 3 (SIGQUIT) received, shutting down
2025/03/06 21:00:37 [notice] 29#29: gracefully shutting down
2025/03/06 21:00:37 [notice] 29#29: exiting
2025/03/06 21:00:37 [notice] 29#29: exit
2025/03/06 21:00:37 [notice] 31#31: gracefully shutting down
2025/03/06 21:00:37 [notice] 32#32: gracefully shutting down
2025/03/06 21:00:37 [notice] 32#32: exiting
2025/03/06 21:00:37 [notice] 30#30: gracefully shutting down
2025/03/06 21:00:37 [notice] 30#30: exiting
2025/03/06 21:00:37 [notice] 32#32: exit
2025/03/06 21:00:37 [notice] 30#30: exit
2025/03/06 21:00:37 [notice] 31#31: exiting
2025/03/06 21:00:37 [notice] 31#31: exit
2025/03/06 21:00:37 [notice] 1#1: signal 17 (SIGCHLD) received from 30
2025/03/06 21:00:37 [notice] 1#1: worker process 30 exited with code 0
2025/03/06 21:00:37 [notice] 1#1: signal 29 (SIGIO) received
2025/03/06 21:00:37 [notice] 1#1: signal 17 (SIGCHLD) received from 29
2025/03/06 21:00:37 [notice] 1#1: worker process 29 exited with code 0
2025/03/06 21:00:37 [notice] 1#1: worker process 31 exited with code 0
2025/03/06 21:00:37 [notice] 1#1: worker process 32 exited with code 0
2025/03/06 21:00:37 [notice] 1#1: exit
2025/03/06 21:00:41 [notice] 1#1: using the "epoll" event method
2025/03/06 21:00:41 [notice] 1#1: nginx/1.27.4
2025/03/06 21:00:41 [notice] 1#1: built by gcc 14.2.0 (Alpine 14.2.0) 
2025/03/06 21:00:41 [notice] 1#1: OS: Linux 6.11.0-19-generic
2025/03/06 21:00:41 [notice] 1#1: getrlimit(RLIMIT_NOFILE): 1024:524288
2025/03/06 21:00:41 [notice] 1#1: start worker processes
2025/03/06 21:00:41 [notice] 1#1: start worker process 29
2025/03/06 21:00:41 [notice] 1#1: start worker process 30
2025/03/06 21:00:41 [notice] 1#1: start worker process 31
2025/03/06 21:00:41 [notice] 1#1: start worker process 32
2025/03/06 21:09:49 [warn] 31#31: *5 an upstream response is buffered to a temporary file /var/cache/nginx/fastcgi_temp/1/00/0000000001 while reading upstream, client: 172.19.0.1, server: , request: "GET / HTTP/1.1", upstream: "fastcgi://172.19.0.3:9000", host: "localhost:8080"
2025/03/06 21:10:13 [notice] 1#1: signal 3 (SIGQUIT) received, shutting down
2025/03/06 21:10:13 [notice] 29#29: gracefully shutting down
2025/03/06 21:10:13 [notice] 31#31: gracefully shutting down
2025/03/06 21:10:13 [notice] 31#31: exiting
2025/03/06 21:10:13 [notice] 31#31: exit
2025/03/06 21:10:13 [notice] 30#30: gracefully shutting down
2025/03/06 21:10:13 [notice] 30#30: exiting
2025/03/06 21:10:13 [notice] 30#30: exit
2025/03/06 21:10:13 [notice] 32#32: gracefully shutting down
2025/03/06 21:10:13 [notice] 32#32: exiting
2025/03/06 21:10:13 [notice] 32#32: exit
2025/03/06 21:10:13 [notice] 1#1: signal 17 (SIGCHLD) received from 31
2025/03/06 21:10:13 [notice] 1#1: worker process 31 exited with code 0
2025/03/06 21:10:13 [notice] 1#1: signal 29 (SIGIO) received
2025/03/06 21:10:13 [notice] 1#1: signal 17 (SIGCHLD) received from 30
2025/03/06 21:10:13 [notice] 1#1: worker process 30 exited with code 0
2025/03/06 21:10:13 [notice] 1#1: worker process 32 exited with code 0
2025/03/06 21:10:13 [notice] 1#1: signal 29 (SIGIO) received
2025/03/06 21:10:13 [notice] 1#1: signal 17 (SIGCHLD) received from 32
2025/03/06 21:10:13 [notice] 29#29: exiting
2025/03/06 21:10:13 [notice] 29#29: exit
2025/03/06 21:10:13 [notice] 1#1: signal 17 (SIGCHLD) received from 29
2025/03/06 21:10:13 [notice] 1#1: worker process 29 exited with code 0
2025/03/06 21:10:13 [notice] 1#1: exit
2025/03/06 21:10:18 [notice] 1#1: using the "epoll" event method
2025/03/06 21:10:18 [notice] 1#1: nginx/1.27.4
2025/03/06 21:10:18 [notice] 1#1: built by gcc 14.2.0 (Alpine 14.2.0) 
2025/03/06 21:10:18 [notice] 1#1: OS: Linux 6.11.0-19-generic
2025/03/06 21:10:18 [notice] 1#1: getrlimit(RLIMIT_NOFILE): 1024:524288
2025/03/06 21:10:18 [notice] 1#1: start worker processes
2025/03/06 21:10:18 [notice] 1#1: start worker process 29
2025/03/06 21:10:18 [notice] 1#1: start worker process 30
2025/03/06 21:10:18 [notice] 1#1: start worker process 31
2025/03/06 21:10:18 [notice] 1#1: start worker process 32
2025/03/08 18:14:41 [notice] 1#1: using the "epoll" event method
2025/03/08 18:14:41 [notice] 1#1: nginx/1.27.4
2025/03/08 18:14:41 [notice] 1#1: built by gcc 14.2.0 (Alpine 14.2.0) 
2025/03/08 18:14:41 [notice] 1#1: OS: Linux 6.11.0-19-generic
2025/03/08 18:14:41 [notice] 1#1: getrlimit(RLIMIT_NOFILE): 1024:524288
2025/03/08 18:14:41 [notice] 1#1: start worker processes
2025/03/08 18:14:41 [notice] 1#1: start worker process 29
2025/03/08 18:14:41 [notice] 1#1: start worker process 30
2025/03/08 18:14:41 [notice] 1#1: start worker process 31
2025/03/08 18:14:41 [notice] 1#1: start worker process 32
2025/03/08 18:20:19 [notice] 1#1: signal 3 (SIGQUIT) received, shutting down
2025/03/08 18:20:19 [notice] 32#32: gracefully shutting down
2025/03/08 18:20:19 [notice] 32#32: exiting
2025/03/08 18:20:19 [notice] 32#32: exit
2025/03/08 18:20:19 [notice] 30#30: gracefully shutting down
2025/03/08 18:20:19 [notice] 31#31: gracefully shutting down
2025/03/08 18:20:19 [notice] 30#30: exiting
2025/03/08 18:20:19 [notice] 31#31: exiting
2025/03/08 18:20:19 [notice] 30#30: exit
2025/03/08 18:20:19 [notice] 31#31: exit
2025/03/08 18:20:19 [notice] 29#29: gracefully shutting down
2025/03/08 18:20:19 [notice] 29#29: exiting
2025/03/08 18:20:19 [notice] 29#29: exit
2025/03/08 18:20:19 [notice] 1#1: signal 17 (SIGCHLD) received from 29
2025/03/08 18:20:19 [notice] 1#1: worker process 29 exited with code 0
2025/03/08 18:20:19 [notice] 1#1: signal 29 (SIGIO) received
2025/03/08 18:20:19 [notice] 1#1: signal 17 (SIGCHLD) received from 30
2025/03/08 18:20:19 [notice] 1#1: worker process 30 exited with code 0
2025/03/08 18:20:19 [notice] 1#1: signal 29 (SIGIO) received
2025/03/08 18:20:19 [notice] 1#1: signal 17 (SIGCHLD) received from 31
2025/03/08 18:20:19 [notice] 1#1: worker process 31 exited with code 0
2025/03/08 18:20:19 [notice] 1#1: signal 29 (SIGIO) received
2025/03/08 18:20:19 [notice] 1#1: signal 17 (SIGCHLD) received from 32
2025/03/08 18:20:19 [notice] 1#1: worker process 32 exited with code 0
2025/03/08 18:20:19 [notice] 1#1: exit
2025/03/08 18:20:29 [notice] 1#1: using the "epoll" event method
2025/03/08 18:20:29 [notice] 1#1: nginx/1.27.4
2025/03/08 18:20:29 [notice] 1#1: built by gcc 14.2.0 (Alpine 14.2.0) 
2025/03/08 18:20:29 [notice] 1#1: OS: Linux 6.11.0-19-generic
2025/03/08 18:20:29 [notice] 1#1: getrlimit(RLIMIT_NOFILE): 1024:524288
2025/03/08 18:20:29 [notice] 1#1: start worker processes
2025/03/08 18:20:29 [notice] 1#1: start worker process 28
2025/03/08 18:20:29 [notice] 1#1: start worker process 29
2025/03/08 18:20:29 [notice] 1#1: start worker process 30
2025/03/08 18:20:29 [notice] 1#1: start worker process 31
2025/03/08 18:20:36 [warn] 30#30: *1 an upstream response is buffered to a temporary file /var/cache/nginx/fastcgi_temp/1/00/0000000001 while reading upstream, client: 172.19.0.1, server: , request: "GET / HTTP/1.1", upstream: "fastcgi://172.19.0.3:9000", host: "localhost:8080"
2025/03/08 18:25:25 [notice] 1#1: signal 3 (SIGQUIT) received, shutting down
2025/03/08 18:25:25 [notice] 28#28: gracefully shutting down
2025/03/08 18:25:25 [notice] 31#31: gracefully shutting down
2025/03/08 18:25:25 [notice] 28#28: exiting
2025/03/08 18:25:25 [notice] 31#31: exiting
2025/03/08 18:25:25 [notice] 29#29: gracefully shutting down
2025/03/08 18:25:25 [notice] 29#29: exiting
2025/03/08 18:25:25 [notice] 31#31: exit
2025/03/08 18:25:25 [notice] 29#29: exit
2025/03/08 18:25:25 [notice] 30#30: gracefully shutting down
2025/03/08 18:25:25 [notice] 30#30: exiting
2025/03/08 18:25:25 [notice] 30#30: exit
2025/03/08 18:25:25 [notice] 28#28: exit
2025/03/08 18:25:25 [notice] 1#1: signal 17 (SIGCHLD) received from 31
2025/03/08 18:25:25 [notice] 1#1: worker process 31 exited with code 0
2025/03/08 18:25:25 [notice] 1#1: signal 29 (SIGIO) received
2025/03/08 18:25:25 [notice] 1#1: signal 17 (SIGCHLD) received from 30
2025/03/08 18:25:25 [notice] 1#1: worker process 28 exited with code 0
2025/03/08 18:25:25 [notice] 1#1: worker process 29 exited with code 0
2025/03/08 18:25:25 [notice] 1#1: worker process 30 exited with code 0
2025/03/08 18:25:25 [notice] 1#1: exit
2025/03/08 18:25:36 [notice] 1#1: using the "epoll" event method
2025/03/08 18:25:36 [notice] 1#1: nginx/1.27.4
2025/03/08 18:25:36 [notice] 1#1: built by gcc 14.2.0 (Alpine 14.2.0) 
2025/03/08 18:25:36 [notice] 1#1: OS: Linux 6.11.0-19-generic
2025/03/08 18:25:36 [notice] 1#1: getrlimit(RLIMIT_NOFILE): 1024:524288
2025/03/08 18:25:36 [notice] 1#1: start worker processes
2025/03/08 18:25:36 [notice] 1#1: start worker process 29
2025/03/08 18:25:36 [notice] 1#1: start worker process 30
2025/03/08 18:25:36 [notice] 1#1: start worker process 31
2025/03/08 18:25:36 [notice] 1#1: start worker process 32
2025/03/08 18:31:31 [notice] 1#1: signal 3 (SIGQUIT) received, shutting down
2025/03/08 18:31:31 [notice] 31#31: gracefully shutting down
2025/03/08 18:31:31 [notice] 31#31: exiting
2025/03/08 18:31:31 [notice] 30#30: gracefully shutting down
2025/03/08 18:31:31 [notice] 30#30: exiting
2025/03/08 18:31:31 [notice] 31#31: exit
2025/03/08 18:31:31 [notice] 30#30: exit
2025/03/08 18:31:31 [notice] 29#29: gracefully shutting down
2025/03/08 18:31:31 [notice] 32#32: gracefully shutting down
2025/03/08 18:31:31 [notice] 32#32: exiting
2025/03/08 18:31:31 [notice] 32#32: exit
2025/03/08 18:31:31 [notice] 1#1: signal 17 (SIGCHLD) received from 31
2025/03/08 18:31:31 [notice] 1#1: worker process 31 exited with code 0
2025/03/08 18:31:31 [notice] 1#1: signal 29 (SIGIO) received
2025/03/08 18:31:31 [notice] 1#1: signal 17 (SIGCHLD) received from 32
2025/03/08 18:31:31 [notice] 1#1: worker process 32 exited with code 0
2025/03/08 18:31:31 [notice] 1#1: signal 29 (SIGIO) received
2025/03/08 18:31:31 [notice] 1#1: signal 17 (SIGCHLD) received from 30
2025/03/08 18:31:31 [notice] 1#1: worker process 30 exited with code 0
2025/03/08 18:31:31 [notice] 1#1: signal 29 (SIGIO) received
2025/03/08 18:31:31 [notice] 29#29: exiting
2025/03/08 18:31:31 [notice] 29#29: exit
2025/03/08 18:31:31 [notice] 1#1: signal 17 (SIGCHLD) received from 29
2025/03/08 18:31:31 [notice] 1#1: worker process 29 exited with code 0
2025/03/08 18:31:31 [notice] 1#1: exit
2025/03/08 18:33:09 [notice] 1#1: using the "epoll" event method
2025/03/08 18:33:09 [notice] 1#1: nginx/1.27.4
2025/03/08 18:33:09 [notice] 1#1: built by gcc 14.2.0 (Alpine 14.2.0) 
2025/03/08 18:33:09 [notice] 1#1: OS: Linux 6.11.0-19-generic
2025/03/08 18:33:09 [notice] 1#1: getrlimit(RLIMIT_NOFILE): 1024:524288
2025/03/08 18:33:09 [notice] 1#1: start worker processes
2025/03/08 18:33:09 [notice] 1#1: start worker process 29
2025/03/08 18:33:09 [notice] 1#1: start worker process 30
2025/03/08 18:33:09 [notice] 1#1: start worker process 31
2025/03/08 18:33:09 [notice] 1#1: start worker process 32
2025/03/08 18:34:50 [warn] 29#29: *1 an upstream response is buffered to a temporary file /var/cache/nginx/fastcgi_temp/1/00/0000000001 while reading upstream, client: 172.19.0.1, server: , request: "GET / HTTP/1.1", upstream: "fastcgi://172.19.0.3:9000", host: "localhost:8080"
2025/03/08 18:35:00 [notice] 1#1: signal 3 (SIGQUIT) received, shutting down
2025/03/08 18:35:00 [notice] 30#30: gracefully shutting down
2025/03/08 18:35:00 [notice] 29#29: gracefully shutting down
2025/03/08 18:35:00 [notice] 30#30: exiting
2025/03/08 18:35:00 [notice] 29#29: exiting
2025/03/08 18:35:00 [notice] 30#30: exit
2025/03/08 18:35:00 [notice] 29#29: exit
2025/03/08 18:35:00 [notice] 31#31: gracefully shutting down
2025/03/08 18:35:00 [notice] 32#32: gracefully shutting down
2025/03/08 18:35:00 [notice] 32#32: exiting
2025/03/08 18:35:00 [notice] 32#32: exit
2025/03/08 18:35:00 [notice] 1#1: signal 17 (SIGCHLD) received from 30
2025/03/08 18:35:00 [notice] 1#1: worker process 30 exited with code 0
2025/03/08 18:35:00 [notice] 1#1: signal 29 (SIGIO) received
2025/03/08 18:35:00 [notice] 1#1: signal 17 (SIGCHLD) received from 29
2025/03/08 18:35:00 [notice] 1#1: worker process 29 exited with code 0
2025/03/08 18:35:00 [notice] 1#1: signal 29 (SIGIO) received
2025/03/08 18:35:00 [notice] 1#1: signal 17 (SIGCHLD) received from 32
2025/03/08 18:35:00 [notice] 1#1: worker process 32 exited with code 0
2025/03/08 18:35:00 [notice] 1#1: signal 29 (SIGIO) received
2025/03/08 18:35:00 [notice] 31#31: exiting
2025/03/08 18:35:00 [notice] 31#31: exit
2025/03/08 18:35:00 [notice] 1#1: signal 17 (SIGCHLD) received from 31
2025/03/08 18:35:00 [notice] 1#1: worker process 31 exited with code 0
2025/03/08 18:35:00 [notice] 1#1: exit
2025/03/08 18:35:19 [notice] 1#1: using the "epoll" event method
2025/03/08 18:35:19 [notice] 1#1: nginx/1.27.4
2025/03/08 18:35:19 [notice] 1#1: built by gcc 14.2.0 (Alpine 14.2.0) 
2025/03/08 18:35:19 [notice] 1#1: OS: Linux 6.11.0-19-generic
2025/03/08 18:35:19 [notice] 1#1: getrlimit(RLIMIT_NOFILE): 1024:524288
2025/03/08 18:35:19 [notice] 1#1: start worker processes
2025/03/08 18:35:19 [notice] 1#1: start worker process 29
2025/03/08 18:35:19 [notice] 1#1: start worker process 30
2025/03/08 18:35:19 [notice] 1#1: start worker process 31
2025/03/08 18:35:19 [notice] 1#1: start worker process 32
2025/03/08 18:36:39 [warn] 29#29: *1 an upstream response is buffered to a temporary file /var/cache/nginx/fastcgi_temp/1/00/0000000001 while reading upstream, client: 172.19.0.1, server: , request: "GET / HTTP/1.1", upstream: "fastcgi://172.19.0.3:9000", host: "localhost:8080"
